{"/Users/stevenwickers/source/repos/movie-node-server/src/data/data-services.ts": {"path":"/Users/stevenwickers/source/repos/movie-node-server/src/data/data-services.ts","statementMap":{"0":{"start":{"line":1,"column":0},"end":{"line":1,"column":34}},"1":{"start":{"line":3,"column":0},"end":{"line":3,"column":57}},"2":{"start":{"line":4,"column":0},"end":{"line":4,"column":49}},"3":{"start":{"line":5,"column":0},"end":{"line":5,"column":32}},"4":{"start":{"line":7,"column":0},"end":{"line":58,"column":null}},"5":{"start":{"line":12,"column":44},"end":{"line":12,"column":68}},"6":{"start":{"line":13,"column":34},"end":{"line":13,"column":45}},"7":{"start":{"line":16,"column":4},"end":{"line":26,"column":null}},"8":{"start":{"line":17,"column":21},"end":{"line":17,"column":60}},"9":{"start":{"line":19,"column":23},"end":{"line":19,"column":55}},"10":{"start":{"line":20,"column":20},"end":{"line":20,"column":35}},"11":{"start":{"line":21,"column":8},"end":{"line":21,"column":36}},"12":{"start":{"line":22,"column":8},"end":{"line":22,"column":null}},"13":{"start":{"line":24,"column":8},"end":{"line":24,"column":30}},"14":{"start":{"line":25,"column":8},"end":{"line":25,"column":null}},"15":{"start":{"line":28,"column":4},"end":{"line":30,"column":null}},"16":{"start":{"line":29,"column":8},"end":{"line":29,"column":null}},"17":{"start":{"line":32,"column":4},"end":{"line":34,"column":null}},"18":{"start":{"line":33,"column":8},"end":{"line":33,"column":null}},"19":{"start":{"line":36,"column":4},"end":{"line":39,"column":null}},"20":{"start":{"line":37,"column":8},"end":{"line":37,"column":null}},"21":{"start":{"line":38,"column":8},"end":{"line":38,"column":null}},"22":{"start":{"line":41,"column":4},"end":{"line":47,"column":null}},"23":{"start":{"line":42,"column":8},"end":{"line":46,"column":9}},"24":{"start":{"line":43,"column":12},"end":{"line":43,"column":59}},"25":{"start":{"line":44,"column":12},"end":{"line":44,"column":52}},"26":{"start":{"line":45,"column":12},"end":{"line":45,"column":38}},"27":{"start":{"line":49,"column":4},"end":{"line":56,"column":6}},"28":{"start":{"line":50,"column":8},"end":{"line":55,"column":9}},"29":{"start":{"line":51,"column":32},"end":{"line":51,"column":80}},"30":{"start":{"line":52,"column":12},"end":{"line":54,"column":13}},"31":{"start":{"line":53,"column":16},"end":{"line":53,"column":40}},"32":{"start":{"line":7,"column":13},"end":{"line":7,"column":25}},"33":{"start":{"line":7,"column":13},"end":{"line":58,"column":null}}},"fnMap":{"0":{"name":"(anonymous_5)","decl":{"start":{"line":11,"column":4},"end":{"line":11,"column":null}},"loc":{"start":{"line":13,"column":45},"end":{"line":14,"column":8}}},"1":{"name":"(anonymous_6)","decl":{"start":{"line":16,"column":14},"end":{"line":16,"column":19}},"loc":{"start":{"line":16,"column":40},"end":{"line":26,"column":5}}},"2":{"name":"(anonymous_7)","decl":{"start":{"line":28,"column":13},"end":{"line":28,"column":18}},"loc":{"start":{"line":28,"column":41},"end":{"line":30,"column":5}}},"3":{"name":"(anonymous_8)","decl":{"start":{"line":32,"column":17},"end":{"line":32,"column":22}},"loc":{"start":{"line":32,"column":60},"end":{"line":34,"column":5}}},"4":{"name":"(anonymous_9)","decl":{"start":{"line":36,"column":13},"end":{"line":36,"column":18}},"loc":{"start":{"line":36,"column":33},"end":{"line":39,"column":5}}},"5":{"name":"(anonymous_10)","decl":{"start":{"line":41,"column":17},"end":{"line":41,"column":22}},"loc":{"start":{"line":41,"column":43},"end":{"line":47,"column":5}}},"6":{"name":"(anonymous_11)","decl":{"start":{"line":49,"column":22},"end":{"line":49,"column":27}},"loc":{"start":{"line":49,"column":33},"end":{"line":56,"column":5}}}},"branchMap":{"0":{"loc":{"start":{"line":42,"column":8},"end":{"line":46,"column":9}},"type":"if","locations":[{"start":{"line":42,"column":8},"end":{"line":46,"column":9}}]},"1":{"loc":{"start":{"line":50,"column":8},"end":{"line":55,"column":9}},"type":"if","locations":[{"start":{"line":50,"column":8},"end":{"line":55,"column":9}}]}},"s":{"0":1,"1":1,"2":1,"3":1,"4":1,"5":1,"6":1,"7":1,"8":1,"9":1,"10":1,"11":1,"12":1,"13":1,"14":1,"15":1,"16":2,"17":1,"18":1,"19":1,"20":0,"21":0,"22":1,"23":1,"24":1,"25":1,"26":1,"27":1,"28":0,"29":0,"30":0,"31":0,"32":1,"33":1},"f":{"0":1,"1":1,"2":2,"3":1,"4":0,"5":1,"6":0},"b":{"0":[1],"1":[0]}}
,"/Users/stevenwickers/source/repos/movie-node-server/src/tests/setup/test-model.ts": {"path":"/Users/stevenwickers/source/repos/movie-node-server/src/tests/setup/test-model.ts","statementMap":{"0":{"start":{"line":1,"column":0},"end":{"line":1,"column":60}},"1":{"start":{"line":15,"column":0},"end":{"line":15,"column":13}},"2":{"start":{"line":18,"column":11},"end":{"line":18,"column":null}},"3":{"start":{"line":21,"column":11},"end":{"line":21,"column":null}},"4":{"start":{"line":24,"column":11},"end":{"line":24,"column":null}},"5":{"start":{"line":27,"column":11},"end":{"line":27,"column":null}},"6":{"start":{"line":30,"column":11},"end":{"line":30,"column":null}},"7":{"start":{"line":33,"column":11},"end":{"line":33,"column":null}},"8":{"start":{"line":36,"column":11},"end":{"line":36,"column":null}},"9":{"start":{"line":39,"column":11},"end":{"line":39,"column":null}},"10":{"start":{"line":42,"column":11},"end":{"line":42,"column":null}},"11":{"start":{"line":45,"column":13},"end":{"line":45,"column":131}}},"fnMap":{},"branchMap":{},"s":{"0":1,"1":1,"2":1,"3":1,"4":1,"5":1,"6":1,"7":1,"8":1,"9":1,"10":1,"11":1},"f":{},"b":{}}
,"/Users/stevenwickers/source/repos/movie-node-server/src/utils/file-utils.ts": {"path":"/Users/stevenwickers/source/repos/movie-node-server/src/utils/file-utils.ts","statementMap":{"0":{"start":{"line":1,"column":0},"end":{"line":1,"column":33}},"1":{"start":{"line":3,"column":26},"end":{"line":11,"column":1}},"2":{"start":{"line":4,"column":2},"end":{"line":9,"column":3}},"3":{"start":{"line":5,"column":17},"end":{"line":5,"column":62}},"4":{"start":{"line":6,"column":4},"end":{"line":6,"column":null}},"5":{"start":{"line":8,"column":4},"end":{"line":8,"column":null}},"6":{"start":{"line":3,"column":13},"end":{"line":3,"column":26}}},"fnMap":{"0":{"name":"(anonymous_1)","decl":{"start":{"line":3,"column":26},"end":{"line":3,"column":31}},"loc":{"start":{"line":3,"column":63},"end":{"line":11,"column":1}}}},"branchMap":{},"s":{"0":1,"1":1,"2":1,"3":1,"4":1,"5":0,"6":1},"f":{"0":1},"b":{}}
}
